Top 20 Sort By Count
Count   Total    Mean  Stddev    Min  P50.0  P90.0  P95.0  P99.0    Max  2xx  3xx  4xx  5xx  TotalBytes   MinBytes  MeanBytes   MaxBytes  Request
   50  26.109  0.5222  0.5834  0.154  0.355  1.000  1.578  3.615  3.615   42    0    8    0       18206         72        364        431  POST /login HTTP/1.1
   42   9.485  0.2258  0.2295  0.012  0.186  0.399  0.659  1.196  1.196   42    0    0    0      146486       3476       3487       3499  GET /settings HTTP/1.1
   37  90.231  2.4387  2.8855  0.048  0.356  7.193  8.451  8.838  8.838   33    0    4    0      671626          0      18152      25600  GET /users/transactions.json HTTP/1.1
   23   4.217  0.1833  0.1988  0.004  0.135  0.392  0.414  0.906  0.906   17    0    6    0         680         12         29        105  POST /sell HTTP/1.1
   17  32.393  1.9055  2.3859  0.001  1.187  6.630  7.172  7.172  7.172    9    0    8    0         603         28         35         48  POST /buy HTTP/1.1
   10   0.216  0.0216  0.0137  0.005  0.026  0.042  0.042  0.042  0.042   10    0    0    0       39536       3802       3953       3998  GET /items/50001.json HTTP/1.1
   10   0.091  0.0091  0.0190  0.002  0.003  0.066  0.066  0.066  0.066   10    0    0    0       37445       3592       3744       3789  GET /items/50003.json HTTP/1.1
    9  13.715  1.5239  2.3753  0.000  0.027  6.589  6.589  6.589  6.589    5    0    4    0         428         28         47         60  POST /ship HTTP/1.1
    7   7.723  1.1033  1.2128  0.377  0.732  4.033  4.033  4.033  4.033    7    0    0    0       26437       3767       3776       3782  GET /items/50006.json HTTP/1.1
    7   3.828  0.5469  0.1917  0.269  0.529  0.956  0.956  0.956  0.956    7    0    0    0      166690      23780      23812      23825  GET /new_items/10.json HTTP/1.1
    7   1.346  0.1923  0.4300  0.003  0.014  1.245  1.245  1.245  1.245    4    0    3    0         278         28         39         82  POST /ship_done HTTP/1.1
    6   2.231  0.3718  0.4664  0.010  0.228  1.397  1.397  1.397  1.397    6    0    0    0         576         96         96         96  POST /bump HTTP/1.1
    5   1.915  0.3830  0.0534  0.291  0.380  0.445  0.445  0.445  0.445    5    0    0    0      117092      23408      23418      23421  GET /new_items/1.json HTTP/1.1
    5   2.263  0.4526  0.1417  0.189  0.475  0.604  0.604  0.604  0.604    5    0    0    0      118493      23653      23698      23723  GET /new_items.json HTTP/1.1
    4   9.048  2.2620  0.6229  1.217  2.615  2.827  2.827  2.827  2.827    4    0    0    0        2184        546        546        546  GET /users/993.json HTTP/1.1
    4   5.266  1.3165  0.6056  0.367  1.631  1.998  1.998  1.998  1.998    4    0    0    0        2252        563        563        563  GET /users/1726.json HTTP/1.1
    4   1.687  0.4217  0.1404  0.255  0.505  0.606  0.606  0.606  0.606    4    0    0    0       94888      23722      23722      23722  GET /new_items/10.json?created_at=1565624878000&item_id=49673 HTTP/1.1
    4   1.180  0.2950  0.0309  0.251  0.314  0.332  0.332  0.332  0.332    4    0    0    0       96052      24013      24013      24013  GET /new_items/10.json?created_at=1565624629000&item_id=49420 HTTP/1.1
    4   1.228  0.3070  0.0990  0.155  0.364  0.419  0.419  0.419  0.419    4    0    0    0       95344      23836      23836      23836  GET /new_items/10.json?created_at=1565623907000&item_id=48697 HTTP/1.1
    4   1.421  0.3553  0.0685  0.295  0.338  0.471  0.471  0.471  0.471    4    0    0    0       94620      23655      23655      23655  GET /new_items/10.json?created_at=1565624257000&item_id=49047 HTTP/1.1

Top 20 Sort By Total
Count   Total    Mean  Stddev    Min  P50.0  P90.0  P95.0  P99.0    Max  2xx  3xx  4xx  5xx  TotalBytes   MinBytes  MeanBytes   MaxBytes  Request
   37  90.231  2.4387  2.8855  0.048  0.356  7.193  8.451  8.838  8.838   33    0    4    0      671626          0      18152      25600  GET /users/transactions.json HTTP/1.1
   17  32.393  1.9055  2.3859  0.001  1.187  6.630  7.172  7.172  7.172    9    0    8    0         603         28         35         48  POST /buy HTTP/1.1
   50  26.109  0.5222  0.5834  0.154  0.355  1.000  1.578  3.615  3.615   42    0    8    0       18206         72        364        431  POST /login HTTP/1.1
    9  13.715  1.5239  2.3753  0.000  0.027  6.589  6.589  6.589  6.589    5    0    4    0         428         28         47         60  POST /ship HTTP/1.1
    2   9.869  4.9345  2.4755  2.459  7.410  7.410  7.410  7.410  7.410    2    0    0    0        4272       2136       2136       2136  GET /items/48752.json HTTP/1.1
   42   9.485  0.2258  0.2295  0.012  0.186  0.399  0.659  1.196  1.196   42    0    0    0      146486       3476       3487       3499  GET /settings HTTP/1.1
    4   9.128  2.2820  1.7451  0.375  2.006  5.118  5.118  5.118  5.118    4    0    0    0        4244       1061       1061       1061  GET /users/498.json HTTP/1.1
    1   9.051  9.0510  0.0000  9.051  9.051  9.051  9.051  9.051  9.051    1    0    0    0       22113      22113      22113      22113  GET /users/transactions.json?created_at=1565588476000&item_id=13275 HTTP/1.1
    4   9.048  2.2620  0.6229  1.217  2.615  2.827  2.827  2.827  2.827    4    0    0    0        2184        546        546        546  GET /users/993.json HTTP/1.1
    4   8.561  2.1402  1.1464  0.242  2.617  3.307  3.307  3.307  3.307    4    0    0    0        2272        568        568        568  GET /users/3847.json HTTP/1.1
    4   8.542  2.1355  1.1338  0.265  2.616  3.303  3.303  3.303  3.303    4    0    0    0         396         99         99         99  GET /users/2593.json HTTP/1.1
    7   7.723  1.1033  1.2128  0.377  0.732  4.033  4.033  4.033  4.033    7    0    0    0       26437       3767       3776       3782  GET /items/50006.json HTTP/1.1
    1   7.505  7.5050  0.0000  7.505  7.505  7.505  7.505  7.505  7.505    1    0    0    0       21249      21249      21249      21249  GET /users/transactions.json?created_at=1565587143000&item_id=11940 HTTP/1.1
    1   7.458  7.4580  0.0000  7.458  7.458  7.458  7.458  7.458  7.458    1    0    0    0       22076      22076      22076      22076  GET /users/transactions.json?created_at=1565601079000&item_id=25871 HTTP/1.1
    1   7.409  7.4090  0.0000  7.409  7.409  7.409  7.409  7.409  7.409    1    0    0    0        2126       2126       2126       2126  GET /items/48595.json HTTP/1.1
    1   7.409  7.4090  0.0000  7.409  7.409  7.409  7.409  7.409  7.409    1    0    0    0        2040       2040       2040       2040  GET /items/49520.json HTTP/1.1
    1   7.172  7.1720  0.0000  7.172  7.172  7.172  7.172  7.172  7.172    1    0    0    0        1930       1930       1930       1930  GET /items/49608.json HTTP/1.1
    1   6.806  6.8060  0.0000  6.806  6.806  6.806  6.806  6.806  6.806    1    0    0    0          34         34         34         34  POST /initialize HTTP/1.1
    1   6.563  6.5630  0.0000  6.563  6.563  6.563  6.563  6.563  6.563    1    0    0    0       21608      21608      21608      21608  GET /users/transactions.json?created_at=1565586664000&item_id=11454 HTTP/1.1
    1   6.309  6.3090  0.0000  6.309  6.309  6.309  6.309  6.309  6.309    1    0    0    0       21893      21893      21893      21893  GET /users/transactions.json?created_at=1565609117000&item_id=33908 HTTP/1.1

Top 20 Sort By Mean
Count  Total    Mean  Stddev    Min  P50.0  P90.0  P95.0  P99.0    Max  2xx  3xx  4xx  5xx  TotalBytes   MinBytes  MeanBytes   MaxBytes  Request
    1  9.051  9.0510  0.0000  9.051  9.051  9.051  9.051  9.051  9.051    1    0    0    0       22113      22113      22113      22113  GET /users/transactions.json?created_at=1565588476000&item_id=13275 HTTP/1.1
    1  7.505  7.5050  0.0000  7.505  7.505  7.505  7.505  7.505  7.505    1    0    0    0       21249      21249      21249      21249  GET /users/transactions.json?created_at=1565587143000&item_id=11940 HTTP/1.1
    1  7.458  7.4580  0.0000  7.458  7.458  7.458  7.458  7.458  7.458    1    0    0    0       22076      22076      22076      22076  GET /users/transactions.json?created_at=1565601079000&item_id=25871 HTTP/1.1
    1  7.409  7.4090  0.0000  7.409  7.409  7.409  7.409  7.409  7.409    1    0    0    0        2040       2040       2040       2040  GET /items/49520.json HTTP/1.1
    1  7.409  7.4090  0.0000  7.409  7.409  7.409  7.409  7.409  7.409    1    0    0    0        2126       2126       2126       2126  GET /items/48595.json HTTP/1.1
    1  7.172  7.1720  0.0000  7.172  7.172  7.172  7.172  7.172  7.172    1    0    0    0        1930       1930       1930       1930  GET /items/49608.json HTTP/1.1
    1  6.806  6.8060  0.0000  6.806  6.806  6.806  6.806  6.806  6.806    1    0    0    0          34         34         34         34  POST /initialize HTTP/1.1
    1  6.563  6.5630  0.0000  6.563  6.563  6.563  6.563  6.563  6.563    1    0    0    0       21608      21608      21608      21608  GET /users/transactions.json?created_at=1565586664000&item_id=11454 HTTP/1.1
    1  6.309  6.3090  0.0000  6.309  6.309  6.309  6.309  6.309  6.309    1    0    0    0       21893      21893      21893      21893  GET /users/transactions.json?created_at=1565609117000&item_id=33908 HTTP/1.1
    1  5.825  5.8250  0.0000  5.825  5.825  5.825  5.825  5.825  5.825    1    0    0    0       22462      22462      22462      22462  GET /users/transactions.json?created_at=1565592537000&item_id=17334 HTTP/1.1
    1  5.809  5.8090  0.0000  5.809  5.809  5.809  5.809  5.809  5.809    1    0    0    0       21986      21986      21986      21986  GET /users/transactions.json?created_at=1565588444000&item_id=13241 HTTP/1.1
    1  5.775  5.7750  0.0000  5.775  5.775  5.775  5.775  5.775  5.775    1    0    0    0        2116       2116       2116       2116  GET /items/41539.json HTTP/1.1
    1  5.601  5.6010  0.0000  5.601  5.601  5.601  5.601  5.601  5.601    1    0    0    0       21308      21308      21308      21308  GET /users/transactions.json?created_at=1565592571000&item_id=17363 HTTP/1.1
    1  5.429  5.4290  0.0000  5.429  5.429  5.429  5.429  5.429  5.429    1    0    0    0       21542      21542      21542      21542  GET /users/transactions.json?created_at=1565601487000&item_id=26283 HTTP/1.1
    1  5.175  5.1750  0.0000  5.175  5.175  5.175  5.175  5.175  5.175    1    0    0    0       21363      21363      21363      21363  GET /users/transactions.json?created_at=1565591677000&item_id=16468 HTTP/1.1
    1  5.134  5.1340  0.0000  5.134  5.134  5.134  5.134  5.134  5.134    1    0    0    0       21644      21644      21644      21644  GET /users/transactions.json?created_at=1565612264000&item_id=37058 HTTP/1.1
    1  5.118  5.1180  0.0000  5.118  5.118  5.118  5.118  5.118  5.118    1    0    0    0        1989       1989       1989       1989  GET /items/49884.json HTTP/1.1
    1  5.061  5.0610  0.0000  5.061  5.061  5.061  5.061  5.061  5.061    1    0    0    0       21891      21891      21891      21891  GET /users/transactions.json?created_at=1565599271000&item_id=24065 HTTP/1.1
    1  5.043  5.0430  0.0000  5.043  5.043  5.043  5.043  5.043  5.043    1    0    0    0        2218       2218       2218       2218  GET /items/49097.json HTTP/1.1
    2  9.869  4.9345  2.4755  2.459  7.410  7.410  7.410  7.410  7.410    2    0    0    0        4272       2136       2136       2136  GET /items/48752.json HTTP/1.1

Top 20 Sort By Standard Deviation
Count   Total    Mean  Stddev    Min  P50.0  P90.0  P95.0  P99.0    Max  2xx  3xx  4xx  5xx  TotalBytes   MinBytes  MeanBytes   MaxBytes  Request
   37  90.231  2.4387  2.8855  0.048  0.356  7.193  8.451  8.838  8.838   33    0    4    0      671626          0      18152      25600  GET /users/transactions.json HTTP/1.1
    2   9.869  4.9345  2.4755  2.459  7.410  7.410  7.410  7.410  7.410    2    0    0    0        4272       2136       2136       2136  GET /items/48752.json HTTP/1.1
   17  32.393  1.9055  2.3859  0.001  1.187  6.630  7.172  7.172  7.172    9    0    8    0         603         28         35         48  POST /buy HTTP/1.1
    9  13.715  1.5239  2.3753  0.000  0.027  6.589  6.589  6.589  6.589    5    0    4    0         428         28         47         60  POST /ship HTTP/1.1
    4   9.128  2.2820  1.7451  0.375  2.006  5.118  5.118  5.118  5.118    4    0    0    0        4244       1061       1061       1061  GET /users/498.json HTTP/1.1
    4   3.367  0.8417  1.4297  0.008  0.024  3.318  3.318  3.318  3.318    4    0    0    0         132         33         33         33  POST /complete HTTP/1.1
    2   3.982  1.9910  1.3210  0.670  3.312  3.312  3.312  3.312  3.312    2    0    0    0       47830      23915      23915      23915  GET /new_items/20.json?created_at=1565623398000&item_id=48197 HTTP/1.1
    2   4.297  2.1485  1.2315  0.917  3.380  3.380  3.380  3.380  3.380    1    0    1    0        3858          0       1929       3858  GET /items/50010.json HTTP/1.1
    7   7.723  1.1033  1.2128  0.377  0.732  4.033  4.033  4.033  4.033    7    0    0    0       26437       3767       3776       3782  GET /items/50006.json HTTP/1.1
    4   8.561  2.1402  1.1464  0.242  2.617  3.307  3.307  3.307  3.307    4    0    0    0        2272        568        568        568  GET /users/3847.json HTTP/1.1
    4   8.542  2.1355  1.1338  0.265  2.616  3.303  3.303  3.303  3.303    4    0    0    0         396         99         99         99  GET /users/2593.json HTTP/1.1
    2   3.054  1.5270  1.0840  0.443  2.611  2.611  2.611  2.611  2.611    2    0    0    0       47590      23782      23795      23808  GET /users/2823.json HTTP/1.1
    2   2.088  1.0440  1.0170  0.027  2.061  2.061  2.061  2.061  2.061    2    0    0    0        4166       2083       2083       2083  GET /items/49457.json HTTP/1.1
    4   4.520  1.1300  0.9942  0.177  1.615  2.526  2.526  2.526  2.526    4    0    0    0       95160      23790      23790      23790  GET /new_items/20.json HTTP/1.1
    2   1.912  0.9560  0.9460  0.010  1.902  1.902  1.902  1.902  1.902    2    0    0    0        4290       2145       2145       2145  GET /items/49999.json HTTP/1.1
    2   2.560  1.2800  0.8980  0.382  2.178  2.178  2.178  2.178  2.178    2    0    0    0       47236      23618      23618      23618  GET /new_items/20.json?created_at=1565623668000&item_id=48465 HTTP/1.1
    4   2.373  0.5933  0.8758  0.014  0.174  2.107  2.107  2.107  2.107    2    0    2    0         308         57         77         98  POST /items/edit HTTP/1.1
    2   1.762  0.8810  0.8620  0.019  1.743  1.743  1.743  1.743  1.743    2    0    0    0        4330       2165       2165       2165  GET /items/49800.json HTTP/1.1
    4   5.618  1.4045  0.8544  0.247  1.610  2.617  2.617  2.617  2.617    4    0    0    0        4276       1069       1069       1069  GET /users/3514.json HTTP/1.1
    2   2.425  1.2125  0.8365  0.376  2.049  2.049  2.049  2.049  2.049    2    0    0    0       47616      23808      23808      23808  GET /new_items/40.json HTTP/1.1

Top 20 Sort By Maximum(100 Percentile)
Count   Total    Mean  Stddev    Min  P50.0  P90.0  P95.0  P99.0    Max  2xx  3xx  4xx  5xx  TotalBytes   MinBytes  MeanBytes   MaxBytes  Request
    1   9.051  9.0510  0.0000  9.051  9.051  9.051  9.051  9.051  9.051    1    0    0    0       22113      22113      22113      22113  GET /users/transactions.json?created_at=1565588476000&item_id=13275 HTTP/1.1
   37  90.231  2.4387  2.8855  0.048  0.356  7.193  8.451  8.838  8.838   33    0    4    0      671626          0      18152      25600  GET /users/transactions.json HTTP/1.1
    1   7.505  7.5050  0.0000  7.505  7.505  7.505  7.505  7.505  7.505    1    0    0    0       21249      21249      21249      21249  GET /users/transactions.json?created_at=1565587143000&item_id=11940 HTTP/1.1
    1   7.458  7.4580  0.0000  7.458  7.458  7.458  7.458  7.458  7.458    1    0    0    0       22076      22076      22076      22076  GET /users/transactions.json?created_at=1565601079000&item_id=25871 HTTP/1.1
    2   9.869  4.9345  2.4755  2.459  7.410  7.410  7.410  7.410  7.410    2    0    0    0        4272       2136       2136       2136  GET /items/48752.json HTTP/1.1
    1   7.409  7.4090  0.0000  7.409  7.409  7.409  7.409  7.409  7.409    1    0    0    0        2126       2126       2126       2126  GET /items/48595.json HTTP/1.1
    1   7.409  7.4090  0.0000  7.409  7.409  7.409  7.409  7.409  7.409    1    0    0    0        2040       2040       2040       2040  GET /items/49520.json HTTP/1.1
    1   7.172  7.1720  0.0000  7.172  7.172  7.172  7.172  7.172  7.172    1    0    0    0        1930       1930       1930       1930  GET /items/49608.json HTTP/1.1
   17  32.393  1.9055  2.3859  0.001  1.187  6.630  7.172  7.172  7.172    9    0    8    0         603         28         35         48  POST /buy HTTP/1.1
    1   6.806  6.8060  0.0000  6.806  6.806  6.806  6.806  6.806  6.806    1    0    0    0          34         34         34         34  POST /initialize HTTP/1.1
    9  13.715  1.5239  2.3753  0.000  0.027  6.589  6.589  6.589  6.589    5    0    4    0         428         28         47         60  POST /ship HTTP/1.1
    1   6.563  6.5630  0.0000  6.563  6.563  6.563  6.563  6.563  6.563    1    0    0    0       21608      21608      21608      21608  GET /users/transactions.json?created_at=1565586664000&item_id=11454 HTTP/1.1
    1   6.309  6.3090  0.0000  6.309  6.309  6.309  6.309  6.309  6.309    1    0    0    0       21893      21893      21893      21893  GET /users/transactions.json?created_at=1565609117000&item_id=33908 HTTP/1.1
    1   5.825  5.8250  0.0000  5.825  5.825  5.825  5.825  5.825  5.825    1    0    0    0       22462      22462      22462      22462  GET /users/transactions.json?created_at=1565592537000&item_id=17334 HTTP/1.1
    1   5.809  5.8090  0.0000  5.809  5.809  5.809  5.809  5.809  5.809    1    0    0    0       21986      21986      21986      21986  GET /users/transactions.json?created_at=1565588444000&item_id=13241 HTTP/1.1
    1   5.775  5.7750  0.0000  5.775  5.775  5.775  5.775  5.775  5.775    1    0    0    0        2116       2116       2116       2116  GET /items/41539.json HTTP/1.1
    1   5.601  5.6010  0.0000  5.601  5.601  5.601  5.601  5.601  5.601    1    0    0    0       21308      21308      21308      21308  GET /users/transactions.json?created_at=1565592571000&item_id=17363 HTTP/1.1
    1   5.429  5.4290  0.0000  5.429  5.429  5.429  5.429  5.429  5.429    1    0    0    0       21542      21542      21542      21542  GET /users/transactions.json?created_at=1565601487000&item_id=26283 HTTP/1.1
    1   5.175  5.1750  0.0000  5.175  5.175  5.175  5.175  5.175  5.175    1    0    0    0       21363      21363      21363      21363  GET /users/transactions.json?created_at=1565591677000&item_id=16468 HTTP/1.1
    1   5.134  5.1340  0.0000  5.134  5.134  5.134  5.134  5.134  5.134    1    0    0    0       21644      21644      21644      21644  GET /users/transactions.json?created_at=1565612264000&item_id=37058 HTTP/1.1

TOP 37 Slow Requests
 1  9.051  GET /users/transactions.json?created_at=1565588476000&item_id=13275 HTTP/1.1
 2  8.838  GET /users/transactions.json HTTP/1.1
 3  8.451  GET /users/transactions.json HTTP/1.1
 4  8.362  GET /users/transactions.json HTTP/1.1
 5  7.505  GET /users/transactions.json?created_at=1565587143000&item_id=11940 HTTP/1.1
 6  7.458  GET /users/transactions.json?created_at=1565601079000&item_id=25871 HTTP/1.1
 7  7.410  GET /items/48752.json HTTP/1.1
 8  7.409  GET /items/48595.json HTTP/1.1
 9  7.409  GET /items/49520.json HTTP/1.1
10  7.193  GET /users/transactions.json HTTP/1.1
11  7.172  GET /items/49608.json HTTP/1.1
12  7.172  POST /buy HTTP/1.1
13  6.831  GET /users/transactions.json HTTP/1.1
14  6.806  POST /initialize HTTP/1.1
15  6.630  POST /buy HTTP/1.1
16  6.589  POST /ship HTTP/1.1
17  6.563  GET /users/transactions.json?created_at=1565586664000&item_id=11454 HTTP/1.1
18  6.409  GET /users/transactions.json HTTP/1.1
19  6.309  GET /users/transactions.json?created_at=1565609117000&item_id=33908 HTTP/1.1
20  5.825  GET /users/transactions.json?created_at=1565592537000&item_id=17334 HTTP/1.1
21  5.809  GET /users/transactions.json?created_at=1565588444000&item_id=13241 HTTP/1.1
22  5.775  GET /items/41539.json HTTP/1.1
23  5.670  POST /buy HTTP/1.1
24  5.601  GET /users/transactions.json?created_at=1565592571000&item_id=17363 HTTP/1.1
25  5.429  GET /users/transactions.json?created_at=1565601487000&item_id=26283 HTTP/1.1
26  5.175  GET /users/transactions.json?created_at=1565591677000&item_id=16468 HTTP/1.1
27  5.134  GET /users/transactions.json?created_at=1565612264000&item_id=37058 HTTP/1.1
28  5.118  GET /users/498.json HTTP/1.1
29  5.118  GET /items/49884.json HTTP/1.1
30  5.061  GET /users/transactions.json?created_at=1565599271000&item_id=24065 HTTP/1.1
31  5.043  GET /items/49097.json HTTP/1.1
32  5.010  GET /users/transactions.json HTTP/1.1
33  4.923  GET /users/transactions.json HTTP/1.1
34  4.877  GET /items/49266.json HTTP/1.1
35  4.868  GET /items/43809.json HTTP/1.1
36  4.836  POST /ship HTTP/1.1
37  4.785  GET /users/transactions.json HTTP/1.1
