Top 20 Sort By Count
Count    Total    Mean  Stddev    Min  P50.0  P90.0  P95.0  P99.0    Max  2xx  3xx  4xx  5xx  TotalBytes   MinBytes  MeanBytes   MaxBytes  Request
  156  143.381  0.9191  0.3480  0.043  1.013  1.180  1.342  1.471  1.537  152    0    4    0     3123320          0      20021      26528  GET /users/transactions.json HTTP/1.1
   59   18.179  0.3081  0.1170  0.102  0.286  0.469  0.506  0.668  0.668   51    0    8    0       21993         72        372        428  POST /login HTTP/1.1
   51    6.166  0.1209  0.1387  0.006  0.067  0.254  0.414  0.736  0.736   51    0    0    0      177885       3479       3487       3496  GET /settings HTTP/1.1
   50    6.000  0.1200  0.1127  0.004  0.103  0.213  0.316  0.654  0.654   38    0   12    0        1408         12         28        105  POST /sell HTTP/1.1
   46   54.360  1.1817  0.8279  0.001  1.693  1.940  2.038  2.055  2.055   30    0   16    0        1602         28         34         48  POST /buy HTTP/1.1
   36   24.423  0.6784  0.4514  0.001  0.889  1.145  1.236  1.311  1.311   26    0   10    0        1816          0         50         60  POST /ship HTTP/1.1
   34   23.101  0.6794  0.4159  0.003  0.912  1.023  1.078  1.081  1.081   25    0    9    0        1263         28         37         82  POST /ship_done HTTP/1.1
   24   19.971  0.8321  0.3030  0.008  0.931  1.073  1.099  1.158  1.158   24    0    0    0         792         33         33         33  POST /complete HTTP/1.1
   13    1.704  0.1311  0.1012  0.018  0.135  0.302  0.364  0.364  0.364   13    0    0    0        1245         95         95         96  POST /bump HTTP/1.1
   12    2.482  0.2068  0.0968  0.083  0.199  0.327  0.404  0.404  0.404   12    0    0    0       12936       1078       1078       1078  GET /users/434.json HTTP/1.1
   12    2.115  0.1762  0.0720  0.067  0.206  0.288  0.289  0.289  0.289   12    0    0    0       18780       1565       1565       1565  GET /users/810.json HTTP/1.1
   12    3.135  0.2612  0.1402  0.103  0.226  0.497  0.560  0.560  0.560   12    0    0    0      286580      23815      23881      23954  GET /new_items/10.json HTTP/1.1
   12    1.850  0.1542  0.0748  0.061  0.140  0.225  0.339  0.339  0.339   12    0    0    0        7080        590        590        590  GET /users/2869.json HTTP/1.1
   11    3.340  0.3036  0.1099  0.103  0.297  0.443  0.470  0.470  0.470   11    0    0    0      257207      23353      23382      23408  GET /new_items/1.json HTTP/1.1
   10    2.166  0.2166  0.1112  0.078  0.184  0.430  0.430  0.430  0.430   10    0    0    0      238462      23829      23846      23860  GET /new_items/40.json HTTP/1.1
    9    1.201  0.1334  0.0396  0.089  0.115  0.222  0.222  0.222  0.222    9    0    0    0       18369       2041       2041       2041  GET /users/2628.json HTTP/1.1
    9    3.457  0.3841  0.1925  0.119  0.357  0.741  0.741  0.741  0.741    9    0    0    0      213970      23762      23774      23805  GET /new_items/20.json HTTP/1.1
    9    0.182  0.0202  0.0165  0.003  0.013  0.059  0.059  0.059  0.059    9    0    0    0       34872       3708       3874       3902  GET /items/50001.json HTTP/1.1
    9    0.024  0.0027  0.0008  0.002  0.002  0.004  0.004  0.004  0.004    9    0    0    0       34746       3694       3860       3888  GET /items/50003.json HTTP/1.1
    9    1.093  0.1214  0.1008  0.005  0.106  0.339  0.339  0.339  0.339    5    0    4    0         716         57         79         98  POST /items/edit HTTP/1.1

Top 20 Sort By Total
Count    Total    Mean  Stddev    Min  P50.0  P90.0  P95.0  P99.0    Max  2xx  3xx  4xx  5xx  TotalBytes   MinBytes  MeanBytes   MaxBytes  Request
  156  143.381  0.9191  0.3480  0.043  1.013  1.180  1.342  1.471  1.537  152    0    4    0     3123320          0      20021      26528  GET /users/transactions.json HTTP/1.1
   46   54.360  1.1817  0.8279  0.001  1.693  1.940  2.038  2.055  2.055   30    0   16    0        1602         28         34         48  POST /buy HTTP/1.1
   36   24.423  0.6784  0.4514  0.001  0.889  1.145  1.236  1.311  1.311   26    0   10    0        1816          0         50         60  POST /ship HTTP/1.1
   34   23.101  0.6794  0.4159  0.003  0.912  1.023  1.078  1.081  1.081   25    0    9    0        1263         28         37         82  POST /ship_done HTTP/1.1
   24   19.971  0.8321  0.3030  0.008  0.931  1.073  1.099  1.158  1.158   24    0    0    0         792         33         33         33  POST /complete HTTP/1.1
   59   18.179  0.3081  0.1170  0.102  0.286  0.469  0.506  0.668  0.668   51    0    8    0       21993         72        372        428  POST /login HTTP/1.1
    1    6.981  6.9810  0.0000  6.981  6.981  6.981  6.981  6.981  6.981    1    0    0    0          34         34         34         34  POST /initialize HTTP/1.1
   51    6.166  0.1209  0.1387  0.006  0.067  0.254  0.414  0.736  0.736   51    0    0    0      177885       3479       3487       3496  GET /settings HTTP/1.1
   50    6.000  0.1200  0.1127  0.004  0.103  0.213  0.316  0.654  0.654   38    0   12    0        1408         12         28        105  POST /sell HTTP/1.1
    9    4.127  0.4586  0.1608  0.153  0.437  0.738  0.738  0.738  0.738    9    0    0    0      212622      23483      23624      23730  GET /new_items.json HTTP/1.1
    9    3.457  0.3841  0.1925  0.119  0.357  0.741  0.741  0.741  0.741    9    0    0    0      213970      23762      23774      23805  GET /new_items/20.json HTTP/1.1
    8    3.356  0.4195  0.1570  0.263  0.438  0.772  0.772  0.772  0.772    8    0    0    0      184862      23096      23107      23158  GET /new_items/60.json HTTP/1.1
   11    3.340  0.3036  0.1099  0.103  0.297  0.443  0.470  0.470  0.470   11    0    0    0      257207      23353      23382      23408  GET /new_items/1.json HTTP/1.1
   12    3.135  0.2612  0.1402  0.103  0.226  0.497  0.560  0.560  0.560   12    0    0    0      286580      23815      23881      23954  GET /new_items/10.json HTTP/1.1
    2    2.492  1.2460  0.1800  1.066  1.426  1.426  1.426  1.426  1.426    2    0    0    0       42968      21484      21484      21484  GET /users/transactions.json?created_at=1565595442000&item_id=20237 HTTP/1.1
   12    2.482  0.2068  0.0968  0.083  0.199  0.327  0.404  0.404  0.404   12    0    0    0       12936       1078       1078       1078  GET /users/434.json HTTP/1.1
    2    2.461  1.2305  0.2035  1.027  1.434  1.434  1.434  1.434  1.434    2    0    0    0       43282      21641      21641      21641  GET /users/transactions.json?created_at=1565591822000&item_id=16615 HTTP/1.1
    2    2.384  1.1920  0.2190  0.973  1.411  1.411  1.411  1.411  1.411    2    0    0    0       42848      21424      21424      21424  GET /users/transactions.json?created_at=1565586958000&item_id=11752 HTTP/1.1
    2    2.231  1.1155  0.1625  0.953  1.278  1.278  1.278  1.278  1.278    2    0    0    0       42664      21332      21332      21332  GET /users/transactions.json?created_at=1565596809000&item_id=21603 HTTP/1.1
    2    2.195  1.0975  0.1125  0.985  1.210  1.210  1.210  1.210  1.210    2    0    0    0       43512      21756      21756      21756  GET /users/transactions.json?created_at=1565612933000&item_id=37731 HTTP/1.1

Top 20 Sort By Mean
Count   Total    Mean  Stddev    Min  P50.0  P90.0  P95.0  P99.0    Max  2xx  3xx  4xx  5xx  TotalBytes   MinBytes  MeanBytes   MaxBytes  Request
    1   6.981  6.9810  0.0000  6.981  6.981  6.981  6.981  6.981  6.981    1    0    0    0          34         34         34         34  POST /initialize HTTP/1.1
    2   2.492  1.2460  0.1800  1.066  1.426  1.426  1.426  1.426  1.426    2    0    0    0       42968      21484      21484      21484  GET /users/transactions.json?created_at=1565595442000&item_id=20237 HTTP/1.1
    2   2.461  1.2305  0.2035  1.027  1.434  1.434  1.434  1.434  1.434    2    0    0    0       43282      21641      21641      21641  GET /users/transactions.json?created_at=1565591822000&item_id=16615 HTTP/1.1
    2   2.384  1.1920  0.2190  0.973  1.411  1.411  1.411  1.411  1.411    2    0    0    0       42848      21424      21424      21424  GET /users/transactions.json?created_at=1565586958000&item_id=11752 HTTP/1.1
   46  54.360  1.1817  0.8279  0.001  1.693  1.940  2.038  2.055  2.055   30    0   16    0        1602         28         34         48  POST /buy HTTP/1.1
    1   1.154  1.1540  0.0000  1.154  1.154  1.154  1.154  1.154  1.154    1    0    0    0       21202      21202      21202      21202  GET /users/transactions.json?created_at=1565617878000&item_id=42676 HTTP/1.1
    2   2.231  1.1155  0.1625  0.953  1.278  1.278  1.278  1.278  1.278    2    0    0    0       42664      21332      21332      21332  GET /users/transactions.json?created_at=1565596809000&item_id=21603 HTTP/1.1
    2   2.195  1.0975  0.1125  0.985  1.210  1.210  1.210  1.210  1.210    2    0    0    0       43512      21756      21756      21756  GET /users/transactions.json?created_at=1565612933000&item_id=37731 HTTP/1.1
    2   2.192  1.0960  0.0100  1.086  1.106  1.106  1.106  1.106  1.106    2    0    0    0       42720      21360      21360      21360  GET /users/transactions.json?created_at=1565608399000&item_id=33193 HTTP/1.1
    1   1.088  1.0880  0.0000  1.088  1.088  1.088  1.088  1.088  1.088    1    0    0    0       21983      21983      21983      21983  GET /users/transactions.json?created_at=1565617496000&item_id=42291 HTTP/1.1
    2   2.164  1.0820  0.0830  0.999  1.165  1.165  1.165  1.165  1.165    2    0    0    0       42772      21386      21386      21386  GET /users/transactions.json?created_at=1565604041000&item_id=28833 HTTP/1.1
    2   2.157  1.0785  0.0705  1.008  1.149  1.149  1.149  1.149  1.149    2    0    0    0       42862      21431      21431      21431  GET /users/transactions.json?created_at=1565600345000&item_id=25141 HTTP/1.1
    2   2.154  1.0770  0.0060  1.071  1.083  1.083  1.083  1.083  1.083    2    0    0    0       43332      21666      21666      21666  GET /users/transactions.json?created_at=1565587285000&item_id=12080 HTTP/1.1
    2   2.149  1.0745  0.0765  0.998  1.151  1.151  1.151  1.151  1.151    2    0    0    0       43652      21826      21826      21826  GET /users/transactions.json?created_at=1565591421000&item_id=16212 HTTP/1.1
    2   2.146  1.0730  0.0260  1.047  1.099  1.099  1.099  1.099  1.099    2    0    0    0       43172      21586      21586      21586  GET /users/transactions.json?created_at=1565592360000&item_id=17155 HTTP/1.1
    2   2.138  1.0690  0.1400  0.929  1.209  1.209  1.209  1.209  1.209    2    0    0    0       42940      21470      21470      21470  GET /users/transactions.json?created_at=1565613417000&item_id=38211 HTTP/1.1
    2   2.122  1.0610  0.0050  1.056  1.066  1.066  1.066  1.066  1.066    2    0    0    0       45160      22580      22580      22580  GET /users/transactions.json?created_at=1565587812000&item_id=12605 HTTP/1.1
    2   2.119  1.0595  0.0035  1.056  1.063  1.063  1.063  1.063  1.063    2    0    0    0       43210      21605      21605      21605  GET /users/transactions.json?created_at=1565591025000&item_id=15823 HTTP/1.1
    2   2.097  1.0485  0.1255  0.923  1.174  1.174  1.174  1.174  1.174    2    0    0    0       42886      21443      21443      21443  GET /users/transactions.json?created_at=1565613019000&item_id=37812 HTTP/1.1
    2   2.097  1.0485  0.0625  0.986  1.111  1.111  1.111  1.111  1.111    2    0    0    0       44430      22215      22215      22215  GET /users/transactions.json?created_at=1565600027000&item_id=24822 HTTP/1.1

Top 20 Sort By Standard Deviation
Count    Total    Mean  Stddev    Min  P50.0  P90.0  P95.0  P99.0    Max  2xx  3xx  4xx  5xx  TotalBytes   MinBytes  MeanBytes   MaxBytes  Request
   46   54.360  1.1817  0.8279  0.001  1.693  1.940  2.038  2.055  2.055   30    0   16    0        1602         28         34         48  POST /buy HTTP/1.1
   36   24.423  0.6784  0.4514  0.001  0.889  1.145  1.236  1.311  1.311   26    0   10    0        1816          0         50         60  POST /ship HTTP/1.1
   34   23.101  0.6794  0.4159  0.003  0.912  1.023  1.078  1.081  1.081   25    0    9    0        1263         28         37         82  POST /ship_done HTTP/1.1
    2    0.876  0.4380  0.3650  0.073  0.803  0.803  0.803  0.803  0.803    2    0    0    0        7692       3846       3846       3846  GET /items/50026.json HTTP/1.1
  156  143.381  0.9191  0.3480  0.043  1.013  1.180  1.342  1.471  1.537  152    0    4    0     3123320          0      20021      26528  GET /users/transactions.json HTTP/1.1
   24   19.971  0.8321  0.3030  0.008  0.931  1.073  1.099  1.158  1.158   24    0    0    0         792         33         33         33  POST /complete HTTP/1.1
    2    0.646  0.3230  0.2910  0.032  0.614  0.614  0.614  0.614  0.614    2    0    0    0        4224       2112       2112       2112  GET /items/49649.json HTTP/1.1
    2    0.677  0.3385  0.2885  0.050  0.627  0.627  0.627  0.627  0.627    2    0    0    0        4066       2033       2033       2033  GET /items/47429.json HTTP/1.1
    4    0.823  0.2057  0.2368  0.047  0.107  0.614  0.614  0.614  0.614    4    0    0    0       15652       3911       3913       3915  GET /items/50034.json HTTP/1.1
    2    0.787  0.3935  0.2275  0.166  0.621  0.621  0.621  0.621  0.621    2    0    0    0       47460      23730      23730      23730  GET /new_items/30.json?created_at=1565623099000&item_id=47895 HTTP/1.1
    8    1.786  0.2233  0.2221  0.026  0.148  0.616  0.616  0.616  0.616    8    0    0    0       29932       3733       3741       3748  GET /items/50014.json HTTP/1.1
    2    0.934  0.4670  0.2200  0.247  0.687  0.687  0.687  0.687  0.687    2    0    0    0       46512      23256      23256      23256  GET /new_items/60.json?created_at=1565623916000&item_id=48713 HTTP/1.1
    2    2.384  1.1920  0.2190  0.973  1.411  1.411  1.411  1.411  1.411    2    0    0    0       42848      21424      21424      21424  GET /users/transactions.json?created_at=1565586958000&item_id=11752 HTTP/1.1
    2    2.461  1.2305  0.2035  1.027  1.434  1.434  1.434  1.434  1.434    2    0    0    0       43282      21641      21641      21641  GET /users/transactions.json?created_at=1565591822000&item_id=16615 HTTP/1.1
    2    0.640  0.3200  0.1970  0.123  0.517  0.517  0.517  0.517  0.517    2    0    0    0       47854      23927      23927      23927  GET /new_items/30.json?created_at=1565622439000&item_id=47229 HTTP/1.1
    9    3.457  0.3841  0.1925  0.119  0.357  0.741  0.741  0.741  0.741    9    0    0    0      213970      23762      23774      23805  GET /new_items/20.json HTTP/1.1
    2    0.632  0.3160  0.1920  0.124  0.508  0.508  0.508  0.508  0.508    2    0    0    0       47211      23584      23605      23627  GET /users/575.json HTTP/1.1
    2    0.859  0.4295  0.1895  0.240  0.619  0.619  0.619  0.619  0.619    2    0    0    0       47970      23985      23985      23985  GET /new_items/30.json?created_at=1565622092000&item_id=46887 HTTP/1.1
    8    1.641  0.2051  0.1838  0.036  0.127  0.530  0.530  0.530  0.530    8    0    0    0       32172       4013       4021       4028  GET /items/50018.json HTTP/1.1
    2    0.766  0.3830  0.1820  0.201  0.565  0.565  0.565  0.565  0.565    2    0    0    0        4290       2145       2145       2145  GET /items/48738.json HTTP/1.1

Top 20 Sort By Maximum(100 Percentile)
Count    Total    Mean  Stddev    Min  P50.0  P90.0  P95.0  P99.0    Max  2xx  3xx  4xx  5xx  TotalBytes   MinBytes  MeanBytes   MaxBytes  Request
    1    6.981  6.9810  0.0000  6.981  6.981  6.981  6.981  6.981  6.981    1    0    0    0          34         34         34         34  POST /initialize HTTP/1.1
   46   54.360  1.1817  0.8279  0.001  1.693  1.940  2.038  2.055  2.055   30    0   16    0        1602         28         34         48  POST /buy HTTP/1.1
  156  143.381  0.9191  0.3480  0.043  1.013  1.180  1.342  1.471  1.537  152    0    4    0     3123320          0      20021      26528  GET /users/transactions.json HTTP/1.1
    2    2.461  1.2305  0.2035  1.027  1.434  1.434  1.434  1.434  1.434    2    0    0    0       43282      21641      21641      21641  GET /users/transactions.json?created_at=1565591822000&item_id=16615 HTTP/1.1
    2    2.492  1.2460  0.1800  1.066  1.426  1.426  1.426  1.426  1.426    2    0    0    0       42968      21484      21484      21484  GET /users/transactions.json?created_at=1565595442000&item_id=20237 HTTP/1.1
    2    2.384  1.1920  0.2190  0.973  1.411  1.411  1.411  1.411  1.411    2    0    0    0       42848      21424      21424      21424  GET /users/transactions.json?created_at=1565586958000&item_id=11752 HTTP/1.1
   36   24.423  0.6784  0.4514  0.001  0.889  1.145  1.236  1.311  1.311   26    0   10    0        1816          0         50         60  POST /ship HTTP/1.1
    2    2.231  1.1155  0.1625  0.953  1.278  1.278  1.278  1.278  1.278    2    0    0    0       42664      21332      21332      21332  GET /users/transactions.json?created_at=1565596809000&item_id=21603 HTTP/1.1
    2    2.195  1.0975  0.1125  0.985  1.210  1.210  1.210  1.210  1.210    2    0    0    0       43512      21756      21756      21756  GET /users/transactions.json?created_at=1565612933000&item_id=37731 HTTP/1.1
    2    2.138  1.0690  0.1400  0.929  1.209  1.209  1.209  1.209  1.209    2    0    0    0       42940      21470      21470      21470  GET /users/transactions.json?created_at=1565613417000&item_id=38211 HTTP/1.1
    2    2.097  1.0485  0.1255  0.923  1.174  1.174  1.174  1.174  1.174    2    0    0    0       42886      21443      21443      21443  GET /users/transactions.json?created_at=1565613019000&item_id=37812 HTTP/1.1
    2    2.164  1.0820  0.0830  0.999  1.165  1.165  1.165  1.165  1.165    2    0    0    0       42772      21386      21386      21386  GET /users/transactions.json?created_at=1565604041000&item_id=28833 HTTP/1.1
   24   19.971  0.8321  0.3030  0.008  0.931  1.073  1.099  1.158  1.158   24    0    0    0         792         33         33         33  POST /complete HTTP/1.1
    1    1.154  1.1540  0.0000  1.154  1.154  1.154  1.154  1.154  1.154    1    0    0    0       21202      21202      21202      21202  GET /users/transactions.json?created_at=1565617878000&item_id=42676 HTTP/1.1
    2    2.149  1.0745  0.0765  0.998  1.151  1.151  1.151  1.151  1.151    2    0    0    0       43652      21826      21826      21826  GET /users/transactions.json?created_at=1565591421000&item_id=16212 HTTP/1.1
    2    2.157  1.0785  0.0705  1.008  1.149  1.149  1.149  1.149  1.149    2    0    0    0       42862      21431      21431      21431  GET /users/transactions.json?created_at=1565600345000&item_id=25141 HTTP/1.1
    2    2.047  1.0235  0.1035  0.920  1.127  1.127  1.127  1.127  1.127    2    0    0    0       43348      21674      21674      21674  GET /users/transactions.json?created_at=1565612898000&item_id=37690 HTTP/1.1
    2    2.097  1.0485  0.0625  0.986  1.111  1.111  1.111  1.111  1.111    2    0    0    0       44430      22215      22215      22215  GET /users/transactions.json?created_at=1565600027000&item_id=24822 HTTP/1.1
    2    2.192  1.0960  0.0100  1.086  1.106  1.106  1.106  1.106  1.106    2    0    0    0       42720      21360      21360      21360  GET /users/transactions.json?created_at=1565608399000&item_id=33193 HTTP/1.1
    2    2.146  1.0730  0.0260  1.047  1.099  1.099  1.099  1.099  1.099    2    0    0    0       43172      21586      21586      21586  GET /users/transactions.json?created_at=1565592360000&item_id=17155 HTTP/1.1

TOP 37 Slow Requests
 1  6.981  POST /initialize HTTP/1.1
 2  2.055  POST /buy HTTP/1.1
 3  2.050  POST /buy HTTP/1.1
 4  2.038  POST /buy HTTP/1.1
 5  1.966  POST /buy HTTP/1.1
 6  1.940  POST /buy HTTP/1.1
 7  1.921  POST /buy HTTP/1.1
 8  1.894  POST /buy HTTP/1.1
 9  1.863  POST /buy HTTP/1.1
10  1.815  POST /buy HTTP/1.1
11  1.790  POST /buy HTTP/1.1
12  1.780  POST /buy HTTP/1.1
13  1.754  POST /buy HTTP/1.1
14  1.743  POST /buy HTTP/1.1
15  1.739  POST /buy HTTP/1.1
16  1.737  POST /buy HTTP/1.1
17  1.733  POST /buy HTTP/1.1
18  1.730  POST /buy HTTP/1.1
19  1.711  POST /buy HTTP/1.1
20  1.700  POST /buy HTTP/1.1
21  1.699  POST /buy HTTP/1.1
22  1.698  POST /buy HTTP/1.1
23  1.697  POST /buy HTTP/1.1
24  1.693  POST /buy HTTP/1.1
25  1.685  POST /buy HTTP/1.1
26  1.684  POST /buy HTTP/1.1
27  1.683  POST /buy HTTP/1.1
28  1.680  POST /buy HTTP/1.1
29  1.672  POST /buy HTTP/1.1
30  1.651  POST /buy HTTP/1.1
31  1.636  POST /buy HTTP/1.1
32  1.537  GET /users/transactions.json HTTP/1.1
33  1.471  GET /users/transactions.json HTTP/1.1
34  1.465  GET /users/transactions.json HTTP/1.1
35  1.455  GET /users/transactions.json HTTP/1.1
36  1.434  GET /users/transactions.json?created_at=1565591822000&item_id=16615 HTTP/1.1
37  1.431  GET /users/transactions.json HTTP/1.1
