Top 20 Sort By Count
Count    Total    Mean  Stddev    Min  P50.0  P90.0  P95.0  P99.0    Max  2xx  3xx  4xx  5xx  TotalBytes   MinBytes  MeanBytes   MaxBytes  Request
  154  140.650  0.9133  0.3322  0.017  0.996  1.146  1.247  1.460  1.518  151    0    3    0     2986983          0      19395      25052  GET /users/transactions.json HTTP/1.1
   59   19.988  0.3388  0.1277  0.099  0.344  0.490  0.588  0.673  0.673   51    0    8    0       22025         72        373        431  POST /login HTTP/1.1
   51    5.755  0.1128  0.1106  0.014  0.074  0.199  0.234  0.549  0.549   51    0    0    0      177917       3479       3488       3499  GET /settings HTTP/1.1
   50    6.964  0.1393  0.1196  0.003  0.113  0.348  0.376  0.469  0.469   38    0   12    0        1408         12         28        105  POST /sell HTTP/1.1
   45   49.866  1.1081  0.8104  0.001  1.684  1.791  1.826  1.916  1.916   28    0   17    0        1536          0         34         48  POST /buy HTTP/1.1
   36   25.891  0.7192  0.4755  0.001  0.875  1.304  1.544  1.604  1.604   27    0    9    0        1876          0         52         60  POST /ship HTTP/1.1
   34   24.980  0.7347  0.4761  0.001  0.961  1.151  1.357  1.549  1.549   25    0    9    0        1263         28         37         82  POST /ship_done HTTP/1.1
   24   22.523  0.9385  0.3867  0.008  1.004  1.313  1.403  1.582  1.582   24    0    0    0         792         33         33         33  POST /complete HTTP/1.1
   17    4.428  0.2605  0.1203  0.079  0.234  0.467  0.531  0.531  0.531   17    0    0    0      402775      23643      23692      23748  GET /new_items/30.json HTTP/1.1
   13    2.191  0.1685  0.1750  0.023  0.121  0.370  0.677  0.677  0.677   13    0    0    0        1246         95         95         97  POST /bump HTTP/1.1
   12    3.798  0.3165  0.1365  0.150  0.259  0.476  0.582  0.582  0.582   12    0    0    0      285397      23755      23783      23810  GET /new_items/10.json HTTP/1.1
   10    1.700  0.1700  0.1611  0.013  0.125  0.468  0.468  0.468  0.468   10    0    0    0       39944       3846       3994       4038  GET /items/50004.json HTTP/1.1
    9    0.116  0.0129  0.0277  0.002  0.003  0.091  0.091  0.091  0.091    9    0    0    0       35312       3916       3923       3931  GET /items/50003.json HTTP/1.1
    9    1.226  0.1362  0.1407  0.044  0.085  0.526  0.526  0.526  0.526    9    0    0    0       33799       3587       3755       3783  GET /items/50015.json HTTP/1.1
    9    3.516  0.3907  0.1575  0.171  0.493  0.554  0.554  0.554  0.554    9    0    0    0      211690      23249      23521      23683  GET /new_items.json HTTP/1.1
    9    0.174  0.0193  0.0082  0.007  0.023  0.030  0.030  0.030  0.030    9    0    0    0       35350       3762       3927       3955  GET /items/50001.json HTTP/1.1
    9    1.139  0.1266  0.1221  0.009  0.073  0.423  0.423  0.423  0.423    5    0    4    0         716         57         79         98  POST /items/edit HTTP/1.1
    8    0.889  0.1111  0.0999  0.038  0.083  0.369  0.369  0.369  0.369    8    0    0    0       31644       3947       3955       3962  GET /items/50010.json HTTP/1.1
    8    1.121  0.1401  0.0495  0.049  0.153  0.194  0.194  0.194  0.194    8    0    0    0        8472       1059       1059       1059  GET /users/3552.json HTTP/1.1
    8    1.422  0.1778  0.1885  0.016  0.105  0.523  0.523  0.523  0.523    8    0    0    0       31084       3877       3885       3892  GET /items/50014.json HTTP/1.1

Top 20 Sort By Total
Count    Total    Mean  Stddev    Min  P50.0  P90.0  P95.0  P99.0    Max  2xx  3xx  4xx  5xx  TotalBytes   MinBytes  MeanBytes   MaxBytes  Request
  154  140.650  0.9133  0.3322  0.017  0.996  1.146  1.247  1.460  1.518  151    0    3    0     2986983          0      19395      25052  GET /users/transactions.json HTTP/1.1
   45   49.866  1.1081  0.8104  0.001  1.684  1.791  1.826  1.916  1.916   28    0   17    0        1536          0         34         48  POST /buy HTTP/1.1
   36   25.891  0.7192  0.4755  0.001  0.875  1.304  1.544  1.604  1.604   27    0    9    0        1876          0         52         60  POST /ship HTTP/1.1
   34   24.980  0.7347  0.4761  0.001  0.961  1.151  1.357  1.549  1.549   25    0    9    0        1263         28         37         82  POST /ship_done HTTP/1.1
   24   22.523  0.9385  0.3867  0.008  1.004  1.313  1.403  1.582  1.582   24    0    0    0         792         33         33         33  POST /complete HTTP/1.1
   59   19.988  0.3388  0.1277  0.099  0.344  0.490  0.588  0.673  0.673   51    0    8    0       22025         72        373        431  POST /login HTTP/1.1
    1    7.047  7.0470  0.0000  7.047  7.047  7.047  7.047  7.047  7.047    1    0    0    0          34         34         34         34  POST /initialize HTTP/1.1
   50    6.964  0.1393  0.1196  0.003  0.113  0.348  0.376  0.469  0.469   38    0   12    0        1408         12         28        105  POST /sell HTTP/1.1
   51    5.755  0.1128  0.1106  0.014  0.074  0.199  0.234  0.549  0.549   51    0    0    0      177917       3479       3488       3499  GET /settings HTTP/1.1
   17    4.428  0.2605  0.1203  0.079  0.234  0.467  0.531  0.531  0.531   17    0    0    0      402775      23643      23692      23748  GET /new_items/30.json HTTP/1.1
   12    3.798  0.3165  0.1365  0.150  0.259  0.476  0.582  0.582  0.582   12    0    0    0      285397      23755      23783      23810  GET /new_items/10.json HTTP/1.1
    9    3.516  0.3907  0.1575  0.171  0.493  0.554  0.554  0.554  0.554    9    0    0    0      211690      23249      23521      23683  GET /new_items.json HTTP/1.1
    8    2.934  0.3668  0.2591  0.153  0.225  0.812  0.812  0.812  0.812    8    0    0    0        4744        593        593        593  GET /users/3266.json HTTP/1.1
    8    2.725  0.3406  0.2046  0.158  0.274  0.760  0.760  0.760  0.760    8    0    0    0        4584        573        573        573  GET /users/3789.json HTTP/1.1
    2    2.559  1.2795  0.3005  0.979  1.580  1.580  1.580  1.580  1.580    2    0    0    0       42458      21229      21229      21229  GET /users/transactions.json?created_at=1565587408000&item_id=12199 HTTP/1.1
    2    2.527  1.2635  0.1145  1.149  1.378  1.378  1.378  1.378  1.378    2    0    0    0       44530      22265      22265      22265  GET /users/transactions.json?created_at=1565591618000&item_id=16413 HTTP/1.1
    2    2.408  1.2040  0.1410  1.063  1.345  1.345  1.345  1.345  1.345    2    0    0    0       43508      21754      21754      21754  GET /users/transactions.json?created_at=1565595974000&item_id=20769 HTTP/1.1
    2    2.365  1.1825  0.1565  1.026  1.339  1.339  1.339  1.339  1.339    2    0    0    0       42596      21298      21298      21298  GET /users/transactions.json?created_at=1565592307000&item_id=17105 HTTP/1.1
    2    2.336  1.1680  0.2040  0.964  1.372  1.372  1.372  1.372  1.372    2    0    0    0       43676      21838      21838      21838  GET /users/transactions.json?created_at=1565609725000&item_id=34522 HTTP/1.1
    2    2.327  1.1635  0.0065  1.157  1.170  1.170  1.170  1.170  1.170    2    0    0    0       43262      21631      21631      21631  GET /users/transactions.json?created_at=1565591938000&item_id=16737 HTTP/1.1

Top 20 Sort By Mean
Count   Total    Mean  Stddev    Min  P50.0  P90.0  P95.0  P99.0    Max  2xx  3xx  4xx  5xx  TotalBytes   MinBytes  MeanBytes   MaxBytes  Request
    1   7.047  7.0470  0.0000  7.047  7.047  7.047  7.047  7.047  7.047    1    0    0    0          34         34         34         34  POST /initialize HTTP/1.1
    2   2.559  1.2795  0.3005  0.979  1.580  1.580  1.580  1.580  1.580    2    0    0    0       42458      21229      21229      21229  GET /users/transactions.json?created_at=1565587408000&item_id=12199 HTTP/1.1
    2   2.527  1.2635  0.1145  1.149  1.378  1.378  1.378  1.378  1.378    2    0    0    0       44530      22265      22265      22265  GET /users/transactions.json?created_at=1565591618000&item_id=16413 HTTP/1.1
    2   2.408  1.2040  0.1410  1.063  1.345  1.345  1.345  1.345  1.345    2    0    0    0       43508      21754      21754      21754  GET /users/transactions.json?created_at=1565595974000&item_id=20769 HTTP/1.1
    2   2.365  1.1825  0.1565  1.026  1.339  1.339  1.339  1.339  1.339    2    0    0    0       42596      21298      21298      21298  GET /users/transactions.json?created_at=1565592307000&item_id=17105 HTTP/1.1
    2   2.336  1.1680  0.2040  0.964  1.372  1.372  1.372  1.372  1.372    2    0    0    0       43676      21838      21838      21838  GET /users/transactions.json?created_at=1565609725000&item_id=34522 HTTP/1.1
    2   2.327  1.1635  0.0065  1.157  1.170  1.170  1.170  1.170  1.170    2    0    0    0       43262      21631      21631      21631  GET /users/transactions.json?created_at=1565591938000&item_id=16737 HTTP/1.1
    2   2.289  1.1445  0.1925  0.952  1.337  1.337  1.337  1.337  1.337    2    0    0    0       44146      22073      22073      22073  GET /users/transactions.json?created_at=1565595650000&item_id=20444 HTTP/1.1
    2   2.264  1.1320  0.1480  0.984  1.280  1.280  1.280  1.280  1.280    2    0    0    0       43900      21950      21950      21950  GET /users/transactions.json?created_at=1565604595000&item_id=29387 HTTP/1.1
   45  49.866  1.1081  0.8104  0.001  1.684  1.791  1.826  1.916  1.916   28    0   17    0        1536          0         34         48  POST /buy HTTP/1.1
    2   2.114  1.0570  0.1730  0.884  1.230  1.230  1.230  1.230  1.230    2    0    0    0       43250      21625      21625      21625  GET /users/transactions.json?created_at=1565621975000&item_id=46767 HTTP/1.1
    2   2.028  1.0140  0.0420  0.972  1.056  1.056  1.056  1.056  1.056    2    0    0    0       43372      21686      21686      21686  GET /users/transactions.json?created_at=1565605709000&item_id=30504 HTTP/1.1
    2   2.014  1.0070  0.0260  0.981  1.033  1.033  1.033  1.033  1.033    2    0    0    0       42898      21449      21449      21449  GET /users/transactions.json?created_at=1565601212000&item_id=26005 HTTP/1.1
    1   1.006  1.0060  0.0000  1.006  1.006  1.006  1.006  1.006  1.006    1    0    0    0       21751      21751      21751      21751  GET /users/transactions.json?created_at=1565621804000&item_id=46603 HTTP/1.1
    2   2.008  1.0040  0.0750  0.929  1.079  1.079  1.079  1.079  1.079    2    0    0    0       44736      22368      22368      22368  GET /users/transactions.json?created_at=1565587091000&item_id=11881 HTTP/1.1
    2   2.007  1.0035  0.0505  0.953  1.054  1.054  1.054  1.054  1.054    2    0    0    0       43930      21965      21965      21965  GET /users/transactions.json?created_at=1565600808000&item_id=25606 HTTP/1.1
    2   2.005  1.0025  0.0365  0.966  1.039  1.039  1.039  1.039  1.039    2    0    0    0       43434      21717      21717      21717  GET /users/transactions.json?created_at=1565592706000&item_id=17500 HTTP/1.1
    1   1.000  1.0000  0.0000  1.000  1.000  1.000  1.000  1.000  1.000    1    0    0    0       21619      21619      21619      21619  GET /users/transactions.json?created_at=1565621955000&item_id=46750 HTTP/1.1
    2   1.998  0.9990  0.0050  0.994  1.004  1.004  1.004  1.004  1.004    2    0    0    0       44640      22320      22320      22320  GET /users/transactions.json?created_at=1565596341000&item_id=21133 HTTP/1.1
    2   1.971  0.9855  0.0825  0.903  1.068  1.068  1.068  1.068  1.068    2    0    0    0       42020      21010      21010      21010  GET /users/transactions.json?created_at=1565604943000&item_id=29739 HTTP/1.1

Top 20 Sort By Standard Deviation
Count    Total    Mean  Stddev    Min  P50.0  P90.0  P95.0  P99.0    Max  2xx  3xx  4xx  5xx  TotalBytes   MinBytes  MeanBytes   MaxBytes  Request
   45   49.866  1.1081  0.8104  0.001  1.684  1.791  1.826  1.916  1.916   28    0   17    0        1536          0         34         48  POST /buy HTTP/1.1
   34   24.980  0.7347  0.4761  0.001  0.961  1.151  1.357  1.549  1.549   25    0    9    0        1263         28         37         82  POST /ship_done HTTP/1.1
   36   25.891  0.7192  0.4755  0.001  0.875  1.304  1.544  1.604  1.604   27    0    9    0        1876          0         52         60  POST /ship HTTP/1.1
   24   22.523  0.9385  0.3867  0.008  1.004  1.313  1.403  1.582  1.582   24    0    0    0         792         33         33         33  POST /complete HTTP/1.1
    2    0.818  0.4090  0.3340  0.075  0.743  0.743  0.743  0.743  0.743    2    0    0    0        4444       2222       2222       2222  GET /items/24371.json HTTP/1.1
  154  140.650  0.9133  0.3322  0.017  0.996  1.146  1.247  1.460  1.518  151    0    3    0     2986983          0      19395      25052  GET /users/transactions.json HTTP/1.1
    2    0.800  0.4000  0.3160  0.084  0.716  0.716  0.716  0.716  0.716    2    0    0    0        4524       2262       2262       2262  GET /items/48672.json HTTP/1.1
    4    1.394  0.3485  0.3091  0.123  0.264  0.875  0.875  0.875  0.875    4    0    0    0       95520      23880      23880      23880  GET /new_items/40.json?created_at=1565623563000&item_id=48359 HTTP/1.1
    2    2.559  1.2795  0.3005  0.979  1.580  1.580  1.580  1.580  1.580    2    0    0    0       42458      21229      21229      21229  GET /users/transactions.json?created_at=1565587408000&item_id=12199 HTTP/1.1
    3    1.268  0.4227  0.3000  0.176  0.247  0.845  0.845  0.845  0.845    3    0    0    0       69237      23079      23079      23079  GET /new_items/60.json?created_at=1565625009000&item_id=49805 HTTP/1.1
    2    0.897  0.4485  0.2805  0.168  0.729  0.729  0.729  0.729  0.729    2    0    0    0       47588      23794      23794      23794  GET /new_items/20.json?created_at=1565622832000&item_id=47631 HTTP/1.1
    2    0.803  0.4015  0.2725  0.129  0.674  0.674  0.674  0.674  0.674    2    0    0    0       47746      23873      23873      23873  GET /new_items/20.json?created_at=1565623073000&item_id=47865 HTTP/1.1
    5    1.525  0.3050  0.2718  0.060  0.100  0.645  0.645  0.645  0.645    5    0    0    0        3055        611        611        611  GET /users/1930.json HTTP/1.1
    2    0.638  0.3190  0.2700  0.049  0.589  0.589  0.589  0.589  0.589    2    0    0    0        4116       2058       2058       2058  GET /items/48737.json HTTP/1.1
    3    0.761  0.2537  0.2628  0.042  0.095  0.624  0.624  0.624  0.624    3    0    0    0       11497       3831       3832       3835  GET /items/50026.json HTTP/1.1
    8    2.934  0.3668  0.2591  0.153  0.225  0.812  0.812  0.812  0.812    8    0    0    0        4744        593        593        593  GET /users/3266.json HTTP/1.1
    2    0.541  0.2705  0.2575  0.013  0.528  0.528  0.528  0.528  0.528    2    0    0    0        4628       2314       2314       2314  GET /items/45294.json HTTP/1.1
    2    0.759  0.3795  0.2425  0.137  0.622  0.622  0.622  0.622  0.622    2    0    0    0        4064       2032       2032       2032  GET /items/49614.json HTTP/1.1
    3    0.855  0.2850  0.2363  0.086  0.152  0.617  0.617  0.617  0.617    3    0    0    0        6039       2013       2013       2013  GET /items/46237.json HTTP/1.1
    4    1.287  0.3217  0.2335  0.132  0.295  0.711  0.711  0.711  0.711    4    0    0    0       95440      23860      23860      23860  GET /new_items/40.json?created_at=1565622899000&item_id=47690 HTTP/1.1

Top 20 Sort By Maximum(100 Percentile)
Count    Total    Mean  Stddev    Min  P50.0  P90.0  P95.0  P99.0    Max  2xx  3xx  4xx  5xx  TotalBytes   MinBytes  MeanBytes   MaxBytes  Request
    1    7.047  7.0470  0.0000  7.047  7.047  7.047  7.047  7.047  7.047    1    0    0    0          34         34         34         34  POST /initialize HTTP/1.1
   45   49.866  1.1081  0.8104  0.001  1.684  1.791  1.826  1.916  1.916   28    0   17    0        1536          0         34         48  POST /buy HTTP/1.1
   36   25.891  0.7192  0.4755  0.001  0.875  1.304  1.544  1.604  1.604   27    0    9    0        1876          0         52         60  POST /ship HTTP/1.1
   24   22.523  0.9385  0.3867  0.008  1.004  1.313  1.403  1.582  1.582   24    0    0    0         792         33         33         33  POST /complete HTTP/1.1
    2    2.559  1.2795  0.3005  0.979  1.580  1.580  1.580  1.580  1.580    2    0    0    0       42458      21229      21229      21229  GET /users/transactions.json?created_at=1565587408000&item_id=12199 HTTP/1.1
   34   24.980  0.7347  0.4761  0.001  0.961  1.151  1.357  1.549  1.549   25    0    9    0        1263         28         37         82  POST /ship_done HTTP/1.1
  154  140.650  0.9133  0.3322  0.017  0.996  1.146  1.247  1.460  1.518  151    0    3    0     2986983          0      19395      25052  GET /users/transactions.json HTTP/1.1
    2    2.527  1.2635  0.1145  1.149  1.378  1.378  1.378  1.378  1.378    2    0    0    0       44530      22265      22265      22265  GET /users/transactions.json?created_at=1565591618000&item_id=16413 HTTP/1.1
    2    2.336  1.1680  0.2040  0.964  1.372  1.372  1.372  1.372  1.372    2    0    0    0       43676      21838      21838      21838  GET /users/transactions.json?created_at=1565609725000&item_id=34522 HTTP/1.1
    2    2.408  1.2040  0.1410  1.063  1.345  1.345  1.345  1.345  1.345    2    0    0    0       43508      21754      21754      21754  GET /users/transactions.json?created_at=1565595974000&item_id=20769 HTTP/1.1
    2    2.365  1.1825  0.1565  1.026  1.339  1.339  1.339  1.339  1.339    2    0    0    0       42596      21298      21298      21298  GET /users/transactions.json?created_at=1565592307000&item_id=17105 HTTP/1.1
    2    2.289  1.1445  0.1925  0.952  1.337  1.337  1.337  1.337  1.337    2    0    0    0       44146      22073      22073      22073  GET /users/transactions.json?created_at=1565595650000&item_id=20444 HTTP/1.1
    2    2.264  1.1320  0.1480  0.984  1.280  1.280  1.280  1.280  1.280    2    0    0    0       43900      21950      21950      21950  GET /users/transactions.json?created_at=1565604595000&item_id=29387 HTTP/1.1
    2    2.114  1.0570  0.1730  0.884  1.230  1.230  1.230  1.230  1.230    2    0    0    0       43250      21625      21625      21625  GET /users/transactions.json?created_at=1565621975000&item_id=46767 HTTP/1.1
    2    2.327  1.1635  0.0065  1.157  1.170  1.170  1.170  1.170  1.170    2    0    0    0       43262      21631      21631      21631  GET /users/transactions.json?created_at=1565591938000&item_id=16737 HTTP/1.1
    2    2.008  1.0040  0.0750  0.929  1.079  1.079  1.079  1.079  1.079    2    0    0    0       44736      22368      22368      22368  GET /users/transactions.json?created_at=1565587091000&item_id=11881 HTTP/1.1
    2    1.943  0.9715  0.0965  0.875  1.068  1.068  1.068  1.068  1.068    2    0    0    0       42662      21331      21331      21331  GET /users/transactions.json?created_at=1565612699000&item_id=37489 HTTP/1.1
    2    1.971  0.9855  0.0825  0.903  1.068  1.068  1.068  1.068  1.068    2    0    0    0       42020      21010      21010      21010  GET /users/transactions.json?created_at=1565604943000&item_id=29739 HTTP/1.1
    2    2.028  1.0140  0.0420  0.972  1.056  1.056  1.056  1.056  1.056    2    0    0    0       43372      21686      21686      21686  GET /users/transactions.json?created_at=1565605709000&item_id=30504 HTTP/1.1
    2    2.007  1.0035  0.0505  0.953  1.054  1.054  1.054  1.054  1.054    2    0    0    0       43930      21965      21965      21965  GET /users/transactions.json?created_at=1565600808000&item_id=25606 HTTP/1.1

TOP 37 Slow Requests
 1  7.047  POST /initialize HTTP/1.1
 2  1.916  POST /buy HTTP/1.1
 3  1.833  POST /buy HTTP/1.1
 4  1.826  POST /buy HTTP/1.1
 5  1.814  POST /buy HTTP/1.1
 6  1.791  POST /buy HTTP/1.1
 7  1.788  POST /buy HTTP/1.1
 8  1.775  POST /buy HTTP/1.1
 9  1.773  POST /buy HTTP/1.1
10  1.765  POST /buy HTTP/1.1
11  1.764  POST /buy HTTP/1.1
12  1.744  POST /buy HTTP/1.1
13  1.737  POST /buy HTTP/1.1
14  1.736  POST /buy HTTP/1.1
15  1.736  POST /buy HTTP/1.1
16  1.725  POST /buy HTTP/1.1
17  1.718  POST /buy HTTP/1.1
18  1.711  POST /buy HTTP/1.1
19  1.707  POST /buy HTTP/1.1
20  1.701  POST /buy HTTP/1.1
21  1.701  POST /buy HTTP/1.1
22  1.697  POST /buy HTTP/1.1
23  1.689  POST /buy HTTP/1.1
24  1.684  POST /buy HTTP/1.1
25  1.662  POST /buy HTTP/1.1
26  1.649  POST /buy HTTP/1.1
27  1.641  POST /buy HTTP/1.1
28  1.639  POST /buy HTTP/1.1
29  1.636  POST /buy HTTP/1.1
30  1.604  POST /ship HTTP/1.1
31  1.582  POST /complete HTTP/1.1
32  1.580  GET /users/transactions.json?created_at=1565587408000&item_id=12199 HTTP/1.1
33  1.549  POST /ship_done HTTP/1.1
34  1.544  POST /ship HTTP/1.1
35  1.518  GET /users/transactions.json HTTP/1.1
36  1.460  GET /users/transactions.json HTTP/1.1
37  1.450  GET /users/transactions.json HTTP/1.1
