Top 20 Sort By Count
Count    Total    Mean  Stddev    Min  P50.0  P90.0  P95.0  P99.0    Max  2xx  3xx  4xx  5xx  TotalBytes   MinBytes  MeanBytes   MaxBytes  Request
  341  345.493  1.0132  0.3688  0.044  1.137  1.317  1.382  1.522  1.726  329    0   12    0     6712556          0      19684      27230  GET /users/transactions.json HTTP/1.1
  118   63.971  0.5421  0.1890  0.093  0.533  0.795  0.847  0.879  0.916  102    0   16    0       43989         72        372        431  POST /login HTTP/1.1
  102    1.947  0.0191  0.0226  0.002  0.012  0.039  0.048  0.103  0.162  102    0    0    0      355773       3474       3487       3499  GET /settings HTTP/1.1
  100    9.590  0.0959  0.0933  0.004  0.059  0.235  0.325  0.380  0.380   76    0   24    0        2816         12         28        105  POST /sell HTTP/1.1
   97  108.889  1.1226  0.7767  0.001  1.625  1.750  1.872  2.004  2.004   64    0   33    0        3336          0         34         48  POST /buy HTTP/1.1
   83   49.116  0.5918  0.3642  0.001  0.813  0.849  0.854  0.875  0.875   58    0   25    0        3082          0         37         82  POST /ship_done HTTP/1.1
   77   46.900  0.6091  0.3765  0.001  0.831  0.872  0.885  1.018  1.018   61    0   16    0        4172         28         54         60  POST /ship HTTP/1.1
   51   36.428  0.7143  0.2709  0.008  0.816  0.838  0.842  0.854  0.854   50    0    1    0        1650          0         32         33  POST /complete HTTP/1.1
   34   15.636  0.4599  0.2500  0.160  0.373  0.730  1.162  1.260  1.260   34    0    0    0      785512      23062      23103      23138  GET /new_items/60.json HTTP/1.1
   29   12.033  0.4149  0.1765  0.097  0.379  0.699  0.765  0.987  0.987   29    0    0    0      689839      23695      23787      23831  GET /new_items/40.json HTTP/1.1
   26    0.703  0.0270  0.0246  0.006  0.023  0.060  0.092  0.103  0.103   26    0    0    0        2497         95         96         97  POST /bump HTTP/1.1
   25   13.130  0.5252  0.2554  0.210  0.521  0.952  0.966  0.999  0.999   25    0    0    0      594948      23694      23797      23915  GET /new_items/20.json HTTP/1.1
   18    0.128  0.0071  0.0054  0.002  0.006  0.020  0.020  0.020  0.020   10    0    8    0        1432         57         79         98  POST /items/edit HTTP/1.1
   18    0.073  0.0041  0.0024  0.002  0.003  0.007  0.013  0.013  0.013   18    0    0    0       69872       3617       3881       4004  GET /items/50003.json HTTP/1.1
   18   11.388  0.6327  0.4123  0.073  0.518  1.274  1.282  1.282  1.282   18    0    0    0      423397      23223      23522      23687  GET /new_items.json HTTP/1.1
   17    0.079  0.0046  0.0017  0.003  0.004  0.007  0.010  0.010  0.010   17    0    0    0       63224       3552       3719       3746  GET /items/50022.json HTTP/1.1
   17    0.093  0.0055  0.0025  0.003  0.004  0.011  0.012  0.012  0.012   17    0    0    0       65962       3634       3880       3968  GET /items/50020.json HTTP/1.1
   17    0.182  0.0107  0.0112  0.004  0.007  0.029  0.049  0.049  0.049   17    0    0    0       64337       3625       3784       3818  GET /items/50008.json HTTP/1.1
   16    0.122  0.0076  0.0053  0.004  0.006  0.015  0.025  0.025  0.025   16    0    0    0       61664       3697       3854       4009  GET /items/50013.json HTTP/1.1
   16    0.132  0.0083  0.0062  0.003  0.005  0.021  0.023  0.023  0.023   16    0    0    0       60928       3758       3808       3856  GET /items/50024.json HTTP/1.1

Top 20 Sort By Total
Count    Total    Mean  Stddev     Min   P50.0   P90.0   P95.0   P99.0     Max  2xx  3xx  4xx  5xx  TotalBytes   MinBytes  MeanBytes   MaxBytes  Request
  341  345.493  1.0132  0.3688   0.044   1.137   1.317   1.382   1.522   1.726  329    0   12    0     6712556          0      19684      27230  GET /users/transactions.json HTTP/1.1
   97  108.889  1.1226  0.7767   0.001   1.625   1.750   1.872   2.004   2.004   64    0   33    0        3336          0         34         48  POST /buy HTTP/1.1
  118   63.971  0.5421  0.1890   0.093   0.533   0.795   0.847   0.879   0.916  102    0   16    0       43989         72        372        431  POST /login HTTP/1.1
   83   49.116  0.5918  0.3642   0.001   0.813   0.849   0.854   0.875   0.875   58    0   25    0        3082          0         37         82  POST /ship_done HTTP/1.1
   77   46.900  0.6091  0.3765   0.001   0.831   0.872   0.885   1.018   1.018   61    0   16    0        4172         28         54         60  POST /ship HTTP/1.1
   51   36.428  0.7143  0.2709   0.008   0.816   0.838   0.842   0.854   0.854   50    0    1    0        1650          0         32         33  POST /complete HTTP/1.1
    2   19.150  9.5750  1.0470   8.528  10.622  10.622  10.622  10.622  10.622    2    0    0    0          68         34         34         34  POST /initialize HTTP/1.1
   34   15.636  0.4599  0.2500   0.160   0.373   0.730   1.162   1.260   1.260   34    0    0    0      785512      23062      23103      23138  GET /new_items/60.json HTTP/1.1
   25   13.130  0.5252  0.2554   0.210   0.521   0.952   0.966   0.999   0.999   25    0    0    0      594948      23694      23797      23915  GET /new_items/20.json HTTP/1.1
   29   12.033  0.4149  0.1765   0.097   0.379   0.699   0.765   0.987   0.987   29    0    0    0      689839      23695      23787      23831  GET /new_items/40.json HTTP/1.1
   18   11.388  0.6327  0.4123   0.073   0.518   1.274   1.282   1.282   1.282   18    0    0    0      423397      23223      23522      23687  GET /new_items.json HTTP/1.1
  100    9.590  0.0959  0.0933   0.004   0.059   0.235   0.325   0.380   0.380   76    0   24    0        2816         12         28        105  POST /sell HTTP/1.1
   16    7.203  0.4502  0.1689   0.208   0.541   0.692   0.718   0.718   0.718   16    0    0    0      380155      23703      23759      23805  GET /new_items/10.json HTTP/1.1
   14    6.075  0.4339  0.1096   0.324   0.416   0.536   0.750   0.750   0.750   14    0    0    0      331879      23633      23705      23830  GET /new_items/30.json HTTP/1.1
   13    5.133  0.3948  0.1821   0.202   0.303   0.749   0.786   0.786   0.786   13    0    0    0      306805      23566      23600      23632  GET /new_items/50.json HTTP/1.1
   13    4.822  0.3709  0.0877   0.229   0.384   0.478   0.480   0.480   0.480   13    0    0    0        1287         99         99         99  GET /users/3343.json HTTP/1.1
   12    4.206  0.3505  0.0839   0.203   0.373   0.442   0.460   0.460   0.460   12    0    0    0        1200        100        100        100  GET /users/1320.json HTTP/1.1
   15    4.189  0.2793  0.1848   0.044   0.278   0.553   0.622   0.622   0.622   15    0    0    0      350894      23351      23392      23448  GET /new_items/1.json HTTP/1.1
   12    4.102  0.3418  0.1031   0.170   0.324   0.505   0.528   0.528   0.528   12    0    0    0       13344       1112       1112       1112  GET /users/3714.json HTTP/1.1
   12    3.702  0.3085  0.1029   0.146   0.310   0.439   0.502   0.502   0.502   12    0    0    0        7140        595        595        595  GET /users/3131.json HTTP/1.1

Top 20 Sort By Mean
Count   Total    Mean  Stddev     Min   P50.0   P90.0   P95.0   P99.0     Max  2xx  3xx  4xx  5xx  TotalBytes   MinBytes  MeanBytes   MaxBytes  Request
    2  19.150  9.5750  1.0470   8.528  10.622  10.622  10.622  10.622  10.622    2    0    0    0          68         34         34         34  POST /initialize HTTP/1.1
    1   1.427  1.4270  0.0000   1.427   1.427   1.427   1.427   1.427   1.427    1    0    0    0       23726      23726      23726      23726  GET /new_items.json?created_at=1565625119000&item_id=49910 HTTP/1.1
    2   2.726  1.3630  0.0740   1.289   1.437   1.437   1.437   1.437   1.437    2    0    0    0       43758      21879      21879      21879  GET /users/transactions.json?created_at=1565608272000&item_id=33063 HTTP/1.1
    2   2.627  1.3135  0.0365   1.277   1.350   1.350   1.350   1.350   1.350    2    0    0    0       42876      21438      21438      21438  GET /users/transactions.json?created_at=1565603795000&item_id=28589 HTTP/1.1
    1   1.301  1.3010  0.0000   1.301   1.301   1.301   1.301   1.301   1.301    1    0    0    0       23216      23216      23216      23216  GET /new_items.json?created_at=1565624927000&item_id=49721 HTTP/1.1
    2   2.562  1.2810  0.1140   1.167   1.395   1.395   1.395   1.395   1.395    2    0    0    0       42810      21405      21405      21405  GET /users/transactions.json?created_at=1565604340000&item_id=29133 HTTP/1.1
    1   1.275  1.2750  0.0000   1.275   1.275   1.275   1.275   1.275   1.275    1    0    0    0       23316      23316      23316      23316  GET /new_items.json?created_at=1565625075000&item_id=49865 HTTP/1.1
    1   1.261  1.2610  0.0000   1.261   1.261   1.261   1.261   1.261   1.261    1    0    0    0       23605      23605      23605      23605  GET /new_items.json?created_at=1565625166000&item_id=49961 HTTP/1.1
    1   1.250  1.2500  0.0000   1.250   1.250   1.250   1.250   1.250   1.250    1    0    0    0       23518      23518      23518      23518  GET /new_items.json?created_at=1565624876000&item_id=49670 HTTP/1.1
    1   1.245  1.2450  0.0000   1.245   1.245   1.245   1.245   1.245   1.245    1    0    0    0       23050      23050      23050      23050  GET /new_items/60.json?created_at=1565625009000&item_id=49800 HTTP/1.1
    2   2.485  1.2425  0.1615   1.081   1.404   1.404   1.404   1.404   1.404    2    0    0    0       43668      21834      21834      21834  GET /users/transactions.json?created_at=1565612771000&item_id=37568 HTTP/1.1
    1   1.237  1.2370  0.0000   1.237   1.237   1.237   1.237   1.237   1.237    1    0    0    0       23676      23676      23676      23676  GET /new_items.json?created_at=1565625174000&item_id=49965 HTTP/1.1
    1   1.234  1.2340  0.0000   1.234   1.234   1.234   1.234   1.234   1.234    1    0    0    0       23678      23678      23678      23678  GET /new_items.json?created_at=1565625174000&item_id=49966 HTTP/1.1
    1   1.233  1.2330  0.0000   1.233   1.233   1.233   1.233   1.233   1.233    1    0    0    0       23483      23483      23483      23483  GET /new_items.json?created_at=1565624970000&item_id=49768 HTTP/1.1
    2   2.454  1.2270  0.1780   1.049   1.405   1.405   1.405   1.405   1.405    2    0    0    0       42910      21455      21455      21455  GET /users/transactions.json?created_at=1565613314000&item_id=38104 HTTP/1.1
    2   2.440  1.2200  0.1610   1.059   1.381   1.381   1.381   1.381   1.381    2    0    0    0       43304      21652      21652      21652  GET /users/transactions.json?created_at=1565612577000&item_id=37373 HTTP/1.1
    2   2.421  1.2105  0.0515   1.159   1.262   1.262   1.262   1.262   1.262    2    0    0    0       44530      22265      22265      22265  GET /users/transactions.json?created_at=1565600918000&item_id=25708 HTTP/1.1
    2   2.403  1.2015  0.1655   1.036   1.367   1.367   1.367   1.367   1.367    2    0    0    0       43646      21823      21823      21823  GET /users/transactions.json?created_at=1565591782000&item_id=16580 HTTP/1.1
    2   2.390  1.1950  0.0710   1.124   1.266   1.266   1.266   1.266   1.266    2    0    0    0       43582      21791      21791      21791  GET /users/transactions.json?created_at=1565608816000&item_id=33611 HTTP/1.1
    2   2.389  1.1945  0.0475   1.147   1.242   1.242   1.242   1.242   1.242    2    0    0    0       44098      22049      22049      22049  GET /users/transactions.json?created_at=1565612887000&item_id=37683 HTTP/1.1

Top 20 Sort By Standard Deviation
Count    Total    Mean  Stddev     Min   P50.0   P90.0   P95.0   P99.0     Max  2xx  3xx  4xx  5xx  TotalBytes   MinBytes  MeanBytes   MaxBytes  Request
    2   19.150  9.5750  1.0470   8.528  10.622  10.622  10.622  10.622  10.622    2    0    0    0          68         34         34         34  POST /initialize HTTP/1.1
   97  108.889  1.1226  0.7767   0.001   1.625   1.750   1.872   2.004   2.004   64    0   33    0        3336          0         34         48  POST /buy HTTP/1.1
   18   11.388  0.6327  0.4123   0.073   0.518   1.274   1.282   1.282   1.282   18    0    0    0      423397      23223      23522      23687  GET /new_items.json HTTP/1.1
   77   46.900  0.6091  0.3765   0.001   0.831   0.872   0.885   1.018   1.018   61    0   16    0        4172         28         54         60  POST /ship HTTP/1.1
  341  345.493  1.0132  0.3688   0.044   1.137   1.317   1.382   1.522   1.726  329    0   12    0     6712556          0      19684      27230  GET /users/transactions.json HTTP/1.1
   83   49.116  0.5918  0.3642   0.001   0.813   0.849   0.854   0.875   0.875   58    0   25    0        3082          0         37         82  POST /ship_done HTTP/1.1
    3    1.475  0.4917  0.3561   0.185   0.299   0.991   0.991   0.991   0.991    3    0    0    0       69015      23005      23005      23005  GET /new_items/60.json?created_at=1565624995000&item_id=49786 HTTP/1.1
    3    1.893  0.6310  0.3539   0.257   0.530   1.106   1.106   1.106   1.106    3    0    0    0       70182      23394      23394      23394  GET /new_items/60.json?created_at=1565624588000&item_id=49385 HTTP/1.1
    3    1.568  0.5227  0.3423   0.230   0.335   1.003   1.003   1.003   1.003    3    0    0    0       69264      23088      23088      23088  GET /new_items/60.json?created_at=1565624123000&item_id=48914 HTTP/1.1
    3    1.326  0.4420  0.3361   0.165   0.246   0.915   0.915   0.915   0.915    3    0    0    0       69789      23263      23263      23263  GET /new_items/60.json?created_at=1565623902000&item_id=48699 HTTP/1.1
    3    1.109  0.3697  0.3059   0.071   0.248   0.790   0.790   0.790   0.790    3    0    0    0       70764      23588      23588      23588  GET /new_items/60.json?created_at=1565623643000&item_id=48439 HTTP/1.1
    3    1.120  0.3733  0.2972   0.144   0.183   0.793   0.793   0.793   0.793    3    0    0    0       69687      23229      23229      23229  GET /new_items/60.json?created_at=1565623165000&item_id=47961 HTTP/1.1
    3    1.717  0.5723  0.2917   0.325   0.410   0.982   0.982   0.982   0.982    3    0    0    0       69639      23213      23213      23213  GET /new_items/60.json?created_at=1565624357000&item_id=49150 HTTP/1.1
    4    2.704  0.6760  0.2822   0.254   0.735   1.046   1.046   1.046   1.046    4    0    0    0       92408      23102      23102      23102  GET /new_items/60.json?created_at=1565625019000&item_id=49818 HTTP/1.1
   51   36.428  0.7143  0.2709   0.008   0.816   0.838   0.842   0.854   0.854   50    0    1    0        1650          0         32         33  POST /complete HTTP/1.1
   25   13.130  0.5252  0.2554   0.210   0.521   0.952   0.966   0.999   0.999   25    0    0    0      594948      23694      23797      23915  GET /new_items/20.json HTTP/1.1
    3    1.371  0.4570  0.2506   0.266   0.294   0.811   0.811   0.811   0.811    3    0    0    0       71529      23843      23843      23843  GET /new_items/30.json?created_at=1565624826000&item_id=49623 HTTP/1.1
   34   15.636  0.4599  0.2500   0.160   0.373   0.730   1.162   1.260   1.260   34    0    0    0      785512      23062      23103      23138  GET /new_items/60.json HTTP/1.1
    2    2.244  1.1220  0.2440   0.878   1.366   1.366   1.366   1.366   1.366    2    0    0    0       44346      22173      22173      22173  GET /users/transactions.json?created_at=1565586961000&item_id=11753 HTTP/1.1
    2    0.899  0.4495  0.2425   0.207   0.692   0.692   0.692   0.692   0.692    2    0    0    0       46996      23497      23498      23499  GET /users/3179.json HTTP/1.1

Top 20 Sort By Maximum(100 Percentile)
Count    Total    Mean  Stddev     Min   P50.0   P90.0   P95.0   P99.0     Max  2xx  3xx  4xx  5xx  TotalBytes   MinBytes  MeanBytes   MaxBytes  Request
    2   19.150  9.5750  1.0470   8.528  10.622  10.622  10.622  10.622  10.622    2    0    0    0          68         34         34         34  POST /initialize HTTP/1.1
   97  108.889  1.1226  0.7767   0.001   1.625   1.750   1.872   2.004   2.004   64    0   33    0        3336          0         34         48  POST /buy HTTP/1.1
  341  345.493  1.0132  0.3688   0.044   1.137   1.317   1.382   1.522   1.726  329    0   12    0     6712556          0      19684      27230  GET /users/transactions.json HTTP/1.1
    2    2.726  1.3630  0.0740   1.289   1.437   1.437   1.437   1.437   1.437    2    0    0    0       43758      21879      21879      21879  GET /users/transactions.json?created_at=1565608272000&item_id=33063 HTTP/1.1
    1    1.427  1.4270  0.0000   1.427   1.427   1.427   1.427   1.427   1.427    1    0    0    0       23726      23726      23726      23726  GET /new_items.json?created_at=1565625119000&item_id=49910 HTTP/1.1
    2    2.454  1.2270  0.1780   1.049   1.405   1.405   1.405   1.405   1.405    2    0    0    0       42910      21455      21455      21455  GET /users/transactions.json?created_at=1565613314000&item_id=38104 HTTP/1.1
    2    2.485  1.2425  0.1615   1.081   1.404   1.404   1.404   1.404   1.404    2    0    0    0       43668      21834      21834      21834  GET /users/transactions.json?created_at=1565612771000&item_id=37568 HTTP/1.1
    2    2.562  1.2810  0.1140   1.167   1.395   1.395   1.395   1.395   1.395    2    0    0    0       42810      21405      21405      21405  GET /users/transactions.json?created_at=1565604340000&item_id=29133 HTTP/1.1
    2    2.440  1.2200  0.1610   1.059   1.381   1.381   1.381   1.381   1.381    2    0    0    0       43304      21652      21652      21652  GET /users/transactions.json?created_at=1565612577000&item_id=37373 HTTP/1.1
    2    2.403  1.2015  0.1655   1.036   1.367   1.367   1.367   1.367   1.367    2    0    0    0       43646      21823      21823      21823  GET /users/transactions.json?created_at=1565591782000&item_id=16580 HTTP/1.1
    2    2.244  1.1220  0.2440   0.878   1.366   1.366   1.366   1.366   1.366    2    0    0    0       44346      22173      22173      22173  GET /users/transactions.json?created_at=1565586961000&item_id=11753 HTTP/1.1
    2    2.627  1.3135  0.0365   1.277   1.350   1.350   1.350   1.350   1.350    2    0    0    0       42876      21438      21438      21438  GET /users/transactions.json?created_at=1565603795000&item_id=28589 HTTP/1.1
    2    2.361  1.1805  0.1665   1.014   1.347   1.347   1.347   1.347   1.347    2    0    0    0       43490      21745      21745      21745  GET /users/transactions.json?created_at=1565586712000&item_id=11510 HTTP/1.1
    2    2.293  1.1465  0.1725   0.974   1.319   1.319   1.319   1.319   1.319    2    0    0    0       43242      21621      21621      21621  GET /users/transactions.json?created_at=1565617336000&item_id=42130 HTTP/1.1
    1    1.301  1.3010  0.0000   1.301   1.301   1.301   1.301   1.301   1.301    1    0    0    0       23216      23216      23216      23216  GET /new_items.json?created_at=1565624927000&item_id=49721 HTTP/1.1
    2    2.280  1.1400  0.1470   0.993   1.287   1.287   1.287   1.287   1.287    2    0    0    0       42726      21363      21363      21363  GET /users/transactions.json?created_at=1565616791000&item_id=41586 HTTP/1.1
    2    2.142  1.0710  0.2120   0.859   1.283   1.283   1.283   1.283   1.283    2    0    0    0       42940      21470      21470      21470  GET /users/transactions.json?created_at=1565621859000&item_id=46654 HTTP/1.1
   18   11.388  0.6327  0.4123   0.073   0.518   1.274   1.282   1.282   1.282   18    0    0    0      423397      23223      23522      23687  GET /new_items.json HTTP/1.1
    2    2.162  1.0810  0.1990   0.882   1.280   1.280   1.280   1.280   1.280    2    0    0    0       43656      21828      21828      21828  GET /users/transactions.json?created_at=1565621296000&item_id=46086 HTTP/1.1
    2    2.226  1.1130  0.1640   0.949   1.277   1.277   1.277   1.277   1.277    2    0    0    0       44066      22033      22033      22033  GET /users/transactions.json?created_at=1565590900000&item_id=15693 HTTP/1.1

TOP 37 Slow Requests
 1  10.622  POST /initialize HTTP/1.1
 2   8.528  POST /initialize HTTP/1.1
 3   2.004  POST /buy HTTP/1.1
 4   1.921  POST /buy HTTP/1.1
 5   1.915  POST /buy HTTP/1.1
 6   1.910  POST /buy HTTP/1.1
 7   1.872  POST /buy HTTP/1.1
 8   1.864  POST /buy HTTP/1.1
 9   1.841  POST /buy HTTP/1.1
10   1.841  POST /buy HTTP/1.1
11   1.829  POST /buy HTTP/1.1
12   1.750  POST /buy HTTP/1.1
13   1.726  GET /users/transactions.json HTTP/1.1
14   1.698  POST /buy HTTP/1.1
15   1.683  POST /buy HTTP/1.1
16   1.678  POST /buy HTTP/1.1
17   1.676  POST /buy HTTP/1.1
18   1.676  POST /buy HTTP/1.1
19   1.672  POST /buy HTTP/1.1
20   1.671  POST /buy HTTP/1.1
21   1.666  POST /buy HTTP/1.1
22   1.664  POST /buy HTTP/1.1
23   1.662  POST /buy HTTP/1.1
24   1.660  POST /buy HTTP/1.1
25   1.653  POST /buy HTTP/1.1
26   1.651  POST /buy HTTP/1.1
27   1.651  POST /buy HTTP/1.1
28   1.650  POST /buy HTTP/1.1
29   1.647  POST /buy HTTP/1.1
30   1.647  POST /buy HTTP/1.1
31   1.644  POST /buy HTTP/1.1
32   1.643  POST /buy HTTP/1.1
33   1.641  POST /buy HTTP/1.1
34   1.640  POST /buy HTTP/1.1
35   1.639  POST /buy HTTP/1.1
36   1.639  POST /buy HTTP/1.1
37   1.638  GET /users/transactions.json HTTP/1.1
